# JRE version: Java(TM) SE Runtime Environment (8.0_25-b18) (build 1.8.0_25-b18)
# Java VM: Java HotSpot(TM) 64-Bit Server VM (25.25-b02 mixed mode windows-amd64 compressed oops)
Heap:
 PSYoungGen      total 65536K, used 27383K [0x00000000f5580000, 0x00000000f9680000, 0x0000000100000000)
  eden space 64512K, 42% used [0x00000000f5580000,0x00000000f703dc00,0x00000000f9480000)
  from space 1024K, 0% used [0x00000000f9480000,0x00000000f9480000,0x00000000f9580000)
  to   space 1024K, 0% used [0x00000000f9580000,0x00000000f9580000,0x00000000f9680000)
 ParOldGen       total 71680K, used 36566K [0x00000000e0000000, 0x00000000e4600000, 0x00000000f5580000)
  object space 71680K, 51% used [0x00000000e0000000,0x00000000e23b5a88,0x00000000e4600000)
 Metaspace       used 73371K, capacity 78750K, committed 79104K, reserved 1118208K
  class space    used 9036K, capacity 10682K, committed 10752K, reserved 1048576K
GC Heap History (10 events):
Event: 17749.347 GC heap before
{Heap before GC invocations=611 (full 298):
 PSYoungGen      total 65536K, used 576K [0x00000000f5580000, 0x00000000f9680000, 0x0000000100000000)
  eden space 64512K, 0% used [0x00000000f5580000,0x00000000f5580000,0x00000000f9480000)
  from space 1024K, 56% used [0x00000000f9480000,0x00000000f9510000,0x00000000f9580000)
  to   space 1024K, 0% used [0x00000000f9580000,0x00000000f9580000,0x00000000f9680000)
 ParOldGen       total 71680K, used 36566K [0x00000000e0000000, 0x00000000e4600000, 0x00000000f5580000)
  object space 71680K, 51% used [0x00000000e0000000,0x00000000e23b5a88,0x00000000e4600000)
 Metaspace       used 72333K, capacity 77778K, committed 77952K, reserved 1116160K
  class space    used 8909K, capacity 10551K, committed 10624K, reserved 1048576K
Event: 17749.437 GC heap after
Heap after GC invocations=611 (full 298):
 PSYoungGen      total 65536K, used 0K [0x00000000f5580000, 0x00000000f9680000, 0x0000000100000000)
  eden space 64512K, 0% used [0x00000000f5580000,0x00000000f5580000,0x00000000f9480000)
  from space 1024K, 0% used [0x00000000f9480000,0x00000000f9480000,0x00000000f9580000)
  to   space 1024K, 0% used [0x00000000f9580000,0x00000000f9580000,0x00000000f9680000)
 ParOldGen       total 71680K, used 36716K [0x00000000e0000000, 0x00000000e4600000, 0x00000000f5580000)
  object space 71680K, 51% used [0x00000000e0000000,0x00000000e23db170,0x00000000e4600000)
 Metaspace       used 72333K, capacity 77778K, committed 77952K, reserved 1116160K
  class space    used 8909K, capacity 10551K, committed 10624K, reserved 1048576K
}
Event: 17809.351 GC heap before
{Heap before GC invocations=612 (full 298):
 PSYoungGen      total 65536K, used 2937K [0x00000000f5580000, 0x00000000f9680000, 0x0000000100000000)
  eden space 64512K, 4% used [0x00000000f5580000,0x00000000f585e4f8,0x00000000f9480000)
  from space 1024K, 0% used [0x00000000f9480000,0x00000000f9480000,0x00000000f9580000)
  to   space 1024K, 0% used [0x00000000f9580000,0x00000000f9580000,0x00000000f9680000)
 ParOldGen       total 71680K, used 36716K [0x00000000e0000000, 0x00000000e4600000, 0x00000000f5580000)
  object space 71680K, 51% used [0x00000000e0000000,0x00000000e23db170,0x00000000e4600000)
 Metaspace       used 72333K, capacity 77778K, committed 77952K, reserved 1116160K
  class space    used 8909K, capacity 10551K, committed 10624K, reserved 1048576K
Event: 17809.354 GC heap after
Heap after GC invocations=612 (full 298):
 PSYoungGen      total 65536K, used 160K [0x00000000f5580000, 0x00000000f9680000, 0x0000000100000000)
  eden space 64512K, 0% used [0x00000000f5580000,0x00000000f5580000,0x00000000f9480000)
  from space 1024K, 15% used [0x00000000f9580000,0x00000000f95a8000,0x00000000f9680000)
  to   space 1024K, 0% used [0x00000000f9480000,0x00000000f9480000,0x00000000f9580000)
 ParOldGen       total 71680K, used 36716K [0x00000000e0000000, 0x00000000e4600000, 0x00000000f5580000)
  object space 71680K, 51% used [0x00000000e0000000,0x00000000e23db170,0x00000000e4600000)
 Metaspace       used 72333K, capacity 77778K, committed 77952K, reserved 1116160K
  class space    used 8909K, capacity 10551K, committed 10624K, reserved 1048576K
}
Event: 17809.354 GC heap before
{Heap before GC invocations=613 (full 299):
 PSYoungGen      total 65536K, used 160K [0x00000000f5580000, 0x00000000f9680000, 0x0000000100000000)
  eden space 64512K, 0% used [0x00000000f5580000,0x00000000f5580000,0x00000000f9480000)
  from space 1024K, 15% used [0x00000000f9580000,0x00000000f95a8000,0x00000000f9680000)
  to   space 1024K, 0% used [0x00000000f9480000,0x00000000f9480000,0x00000000f9580000)
 ParOldGen       total 71680K, used 36716K [0x00000000e0000000, 0x00000000e4600000, 0x00000000f5580000)
  object space 71680K, 51% used [0x00000000e0000000,0x00000000e23db170,0x00000000e4600000)
 Metaspace       used 72333K, capacity 77778K, committed 77952K, reserved 1116160K
  class space    used 8909K, capacity 10551K, committed 10624K, reserved 1048576K
Event: 17809.448 GC heap after
Heap after GC invocations=613 (full 299):
 PSYoungGen      total 65536K, used 0K [0x00000000f5580000, 0x00000000f9680000, 0x0000000100000000)
  eden space 64512K, 0% used [0x00000000f5580000,0x00000000f5580000,0x00000000f9480000)
  from space 1024K, 0% used [0x00000000f9580000,0x00000000f9580000,0x00000000f9680000)
  to   space 1024K, 0% used [0x00000000f9480000,0x00000000f9480000,0x00000000f9580000)
 ParOldGen       total 71680K, used 36566K [0x00000000e0000000, 0x00000000e4600000, 0x00000000f5580000)
  object space 71680K, 51% used [0x00000000e0000000,0x00000000e23b5a88,0x00000000e4600000)
 Metaspace       used 72333K, capacity 77778K, committed 77952K, reserved 1116160K
  class space    used 8909K, capacity 10551K, committed 10624K, reserved 1048576K
}
Event: 17869.361 GC heap before
{Heap before GC invocations=614 (full 299):
 PSYoungGen      total 65536K, used 2893K [0x00000000f5580000, 0x00000000f9680000, 0x0000000100000000)
  eden space 64512K, 4% used [0x00000000f5580000,0x00000000f5853648,0x00000000f9480000)
  from space 1024K, 0% used [0x00000000f9580000,0x00000000f9580000,0x00000000f9680000)
  to   space 1024K, 0% used [0x00000000f9480000,0x00000000f9480000,0x00000000f9580000)
 ParOldGen       total 71680K, used 36566K [0x00000000e0000000, 0x00000000e4600000, 0x00000000f5580000)
  object space 71680K, 51% used [0x00000000e0000000,0x00000000e23b5a88,0x00000000e4600000)
 Metaspace       used 72333K, capacity 77778K, committed 77952K, reserved 1116160K
  class space    used 8909K, capacity 10551K, committed 10624K, reserved 1048576K
Event: 17869.364 GC heap after
Heap after GC invocations=614 (full 299):
 PSYoungGen      total 65536K, used 128K [0x00000000f5580000, 0x00000000f9680000, 0x0000000100000000)
  eden space 64512K, 0% used [0x00000000f5580000,0x00000000f5580000,0x00000000f9480000)
  from space 1024K, 12% used [0x00000000f9480000,0x00000000f94a0000,0x00000000f9580000)
  to   space 1024K, 0% used [0x00000000f9580000,0x00000000f9580000,0x00000000f9680000)
 ParOldGen       total 71680K, used 36566K [0x00000000e0000000, 0x00000000e4600000, 0x00000000f5580000)
  object space 71680K, 51% used [0x00000000e0000000,0x00000000e23b5a88,0x00000000e4600000)
 Metaspace       used 72333K, capacity 77778K, committed 77952K, reserved 1116160K
  class space    used 8909K, capacity 10551K, committed 10624K, reserved 1048576K
}
Event: 17869.364 GC heap before
{Heap before GC invocations=615 (full 300):
 PSYoungGen      total 65536K, used 128K [0x00000000f5580000, 0x00000000f9680000, 0x0000000100000000)
  eden space 64512K, 0% used [0x00000000f5580000,0x00000000f5580000,0x00000000f9480000)
  from space 1024K, 12% used [0x00000000f9480000,0x00000000f94a0000,0x00000000f9580000)
  to   space 1024K, 0% used [0x00000000f9580000,0x00000000f9580000,0x00000000f9680000)
 ParOldGen       total 71680K, used 36566K [0x00000000e0000000, 0x00000000e4600000, 0x00000000f5580000)
  object space 71680K, 51% used [0x00000000e0000000,0x00000000e23b5a88,0x00000000e4600000)
 Metaspace       used 72333K, capacity 77778K, committed 77952K, reserved 1116160K
  class space    used 8909K, capacity 10551K, committed 10624K, reserved 1048576K
Event: 17869.466 GC heap after
Heap after GC invocations=615 (full 300):
 PSYoungGen      total 65536K, used 0K [0x00000000f5580000, 0x00000000f9680000, 0x0000000100000000)
  eden space 64512K, 0% used [0x00000000f5580000,0x00000000f5580000,0x00000000f9480000)
  from space 1024K, 0% used [0x00000000f9480000,0x00000000f9480000,0x00000000f9580000)
  to   space 1024K, 0% used [0x00000000f9580000,0x00000000f9580000,0x00000000f9680000)
 ParOldGen       total 71680K, used 36566K [0x00000000e0000000, 0x00000000e4600000, 0x00000000f5580000)
  object space 71680K, 51% used [0x00000000e0000000,0x00000000e23b5a88,0x00000000e4600000)
 Metaspace       used 72333K, capacity 77778K, committed 77952K, reserved 1116160K
  class space    used 8909K, capacity 10551K, committed 10624K, reserved 1048576K
}

